This file contains any messages produced by compilers while
running configure, to aid debugging if configure makes a mistake.

It was created by liferea configure 1.10.19, which was
generated by GNU Autoconf 2.69.  Invocation command line was

  $ ./configure 

## --------- ##
## Platform. ##
## --------- ##

hostname = sabayon.local
uname -m = x86_64
uname -r = 4.15.0-sabayon
uname -s = Linux
uname -v = #1 SMP Mon Feb 12 08:24:15 UTC 2018

/usr/bin/uname -p = AMD Athlon(tm) II P320 Dual-Core Processor
/bin/uname -X     = unknown

/bin/arch              = unknown
/usr/bin/arch -k       = unknown
/usr/convex/getsysinfo = unknown
/usr/bin/hostinfo      = unknown
/bin/machine           = unknown
/usr/bin/oslevel       = unknown
/bin/universe          = unknown

PATH: /usr/local/bin
PATH: /usr/bin
PATH: /bin
PATH: /opt/bin
PATH: /usr/x86_64-pc-linux-gnu/gcc-bin/6.4.0
PATH: /usr/lib/llvm/5/bin
PATH: /home/unixjunkie/Appz/adt-bundle-linux-x86-20130729/platform-tools
PATH: /home/unixjunkie/Appz/adt-bundle-linux-x86-20130729/sdk/tools
PATH: /home/unixjunkie/Appz/adt-bundle-linux-x86-20130729/eclipse/


## ----------- ##
## Core tests. ##
## ----------- ##

configure:2362: checking build system type
configure:2376: result: x86_64-pc-linux-gnu
configure:2396: checking host system type
configure:2409: result: x86_64-pc-linux-gnu
configure:2449: checking for a BSD-compatible install
configure:2517: result: /usr/bin/install -c
configure:2528: checking whether build environment is sane
configure:2583: result: yes
configure:2734: checking for a thread-safe mkdir -p
configure:2773: result: /bin/mkdir -p
configure:2780: checking for gawk
configure:2796: found /usr/bin/gawk
configure:2807: result: gawk
configure:2818: checking whether make sets $(MAKE)
configure:2840: result: yes
configure:2869: checking whether make supports nested variables
configure:2886: result: yes
configure:3023: checking whether make supports nested variables
configure:3040: result: yes
configure:3064: checking for style of include used by make
configure:3092: result: GNU
configure:3163: checking for gcc
configure:3179: found /usr/bin/gcc
configure:3190: result: gcc
configure:3419: checking for C compiler version
configure:3428: gcc --version >&5
gcc (Gentoo Hardened 6.4.0-r1 p1.3) 6.4.0
Copyright (C) 2017 Free Software Foundation, Inc.
This is free software; see the source for copying conditions.  There is NO
warranty; not even for MERCHANTABILITY or FITNESS FOR A PARTICULAR PURPOSE.

configure:3439: $? = 0
configure:3428: gcc -v >&5
Using built-in specs.
COLLECT_GCC=/usr/x86_64-pc-linux-gnu/gcc-bin/6.4.0/gcc
COLLECT_LTO_WRAPPER=/usr/libexec/gcc/x86_64-pc-linux-gnu/6.4.0/lto-wrapper
Target: x86_64-pc-linux-gnu
Configured with: /var/tmp/portage/sys-devel/gcc-6.4.0-r1/work/gcc-6.4.0/configure --host=x86_64-pc-linux-gnu --build=x86_64-pc-linux-gnu --prefix=/usr --bindir=/usr/x86_64-pc-linux-gnu/gcc-bin/6.4.0 --includedir=/usr/lib/gcc/x86_64-pc-linux-gnu/6.4.0/include --datadir=/usr/share/gcc-data/x86_64-pc-linux-gnu/6.4.0 --mandir=/usr/share/gcc-data/x86_64-pc-linux-gnu/6.4.0/man --infodir=/usr/share/gcc-data/x86_64-pc-linux-gnu/6.4.0/info --with-gxx-include-dir=/usr/lib/gcc/x86_64-pc-linux-gnu/6.4.0/include/g++-v6 --with-python-dir=/share/gcc-data/x86_64-pc-linux-gnu/6.4.0/python --enable-objc-gc --enable-languages=c,c++,go,objc,obj-c++,fortran --enable-obsolete --enable-secureplt --disable-werror --with-system-zlib --enable-nls --without-included-gettext --enable-checking=release --with-bugurl=https://bugs.gentoo.org/ --with-pkgversion='Gentoo Hardened 6.4.0-r1 p1.3' --enable-esp --enable-libstdcxx-time --enable-shared --enable-threads=posix --enable-__cxa_atexit --enable-clocale=gnu --enable-multilib --with-multilib-list=m32,m64 --disable-altivec --disable-fixed-point --enable-targets=all --disable-libgcj --enable-libgomp --disable-libmudflap --disable-libssp --disable-libcilkrts --disable-libmpx --enable-vtable-verify --enable-libvtv --enable-lto --with-isl --disable-isl-version-check --enable-libsanitizer --enable-default-pie --enable-default-ssp
Thread model: posix
gcc version 6.4.0 (Gentoo Hardened 6.4.0-r1 p1.3) 
configure:3439: $? = 0
configure:3428: gcc -V >&5
gcc: error: unrecognized command line option '-V'
gcc: fatal error: no input files
compilation terminated.
configure:3439: $? = 1
configure:3428: gcc -qversion >&5
gcc: error: unrecognized command line option '-qversion'; did you mean '--version'?
gcc: fatal error: no input files
compilation terminated.
configure:3439: $? = 1
configure:3459: checking whether the C compiler works
configure:3481: gcc    conftest.c  >&5
configure:3485: $? = 0
configure:3533: result: yes
configure:3536: checking for C compiler default output file name
configure:3538: result: a.out
configure:3544: checking for suffix of executables
configure:3551: gcc -o conftest    conftest.c  >&5
configure:3555: $? = 0
configure:3577: result: 
configure:3599: checking whether we are cross compiling
configure:3607: gcc -o conftest    conftest.c  >&5
configure:3611: $? = 0
configure:3618: ./conftest
configure:3622: $? = 0
configure:3637: result: no
configure:3642: checking for suffix of object files
configure:3664: gcc -c   conftest.c >&5
configure:3668: $? = 0
configure:3689: result: o
configure:3693: checking whether we are using the GNU C compiler
configure:3712: gcc -c   conftest.c >&5
configure:3712: $? = 0
configure:3721: result: yes
configure:3730: checking whether gcc accepts -g
configure:3750: gcc -c -g  conftest.c >&5
configure:3750: $? = 0
configure:3791: result: yes
configure:3808: checking for gcc option to accept ISO C89
configure:3871: gcc  -c -g -O2  conftest.c >&5
configure:3871: $? = 0
configure:3884: result: none needed
configure:3909: checking whether gcc understands -c and -o together
configure:3931: gcc -c conftest.c -o conftest2.o
configure:3934: $? = 0
configure:3931: gcc -c conftest.c -o conftest2.o
configure:3934: $? = 0
configure:3946: result: yes
configure:3965: checking dependency style of gcc
configure:4076: result: gcc3
configure:4141: checking for ar
configure:4157: found /usr/bin/ar
configure:4168: result: ar
configure:4194: checking the archiver (ar) interface
configure:4210: gcc -c -g -O2  conftest.c >&5
configure:4210: $? = 0
configure:4212: ar cru libconftest.a conftest.o >&5
configure:4215: $? = 0
configure:4243: result: ar
configure:4312: checking how to print strings
configure:4339: result: printf
configure:4360: checking for a sed that does not truncate output
configure:4424: result: /bin/sed
configure:4442: checking for grep that handles long lines and -e
configure:4500: result: /bin/grep
configure:4505: checking for egrep
configure:4567: result: /bin/grep -E
configure:4572: checking for fgrep
configure:4634: result: /bin/grep -F
configure:4669: checking for ld used by gcc
configure:4736: result: /usr/x86_64-pc-linux-gnu/bin/ld
configure:4743: checking if the linker (/usr/x86_64-pc-linux-gnu/bin/ld) is GNU ld
configure:4758: result: yes
configure:4770: checking for BSD- or MS-compatible name lister (nm)
configure:4824: result: /usr/bin/nm -B
configure:4954: checking the name lister (/usr/bin/nm -B) interface
configure:4961: gcc -c -g -O2  conftest.c >&5
configure:4964: /usr/bin/nm -B "conftest.o"
configure:4967: output
0000000000000000 B some_variable
configure:4974: result: BSD nm
configure:4977: checking whether ln -s works
configure:4981: result: yes
configure:4989: checking the maximum length of command line arguments
configure:5125: result: 1572864
configure:5173: checking how to convert x86_64-pc-linux-gnu file names to x86_64-pc-linux-gnu format
configure:5213: result: func_convert_file_noop
configure:5220: checking how to convert x86_64-pc-linux-gnu file names to toolchain format
configure:5240: result: func_convert_file_noop
configure:5247: checking for /usr/x86_64-pc-linux-gnu/bin/ld option to reload object files
configure:5254: result: -r
configure:5328: checking for objdump
configure:5344: found /usr/bin/objdump
configure:5355: result: objdump
configure:5387: checking how to recognize dependent libraries
configure:5587: result: pass_all
configure:5672: checking for dlltool
configure:5702: result: no
configure:5732: checking how to associate runtime and link libraries
configure:5759: result: printf %s\n
configure:5883: checking for archiver @FILE support
configure:5900: gcc -c -g -O2  conftest.c >&5
configure:5900: $? = 0
configure:5903: ar cru libconftest.a @conftest.lst >&5
configure:5906: $? = 0
configure:5911: ar cru libconftest.a @conftest.lst >&5
ar: conftest.o: No such file or directory
configure:5914: $? = 1
configure:5926: result: @
configure:5984: checking for strip
configure:6000: found /usr/bin/strip
configure:6011: result: strip
configure:6083: checking for ranlib
configure:6099: found /usr/bin/ranlib
configure:6110: result: ranlib
configure:6212: checking command to parse /usr/bin/nm -B output from gcc object
configure:6365: gcc -c -g -O2  conftest.c >&5
configure:6368: $? = 0
configure:6372: /usr/bin/nm -B conftest.o \| sed -n -e 's/^.*[ ]\([ABCDGIRSTW][ABCDGIRSTW]*\)[ ][ ]*\([_A-Za-z][_A-Za-z0-9]*\)$/\1 \2 \2/p' | sed '/ __gnu_lto/d' \> conftest.nm
configure:6375: $? = 0
configure:6441: gcc -o conftest -g -O2   conftest.c conftstm.o >&5
configure:6444: $? = 0
configure:6482: result: ok
configure:6529: checking for sysroot
configure:6559: result: no
configure:6566: checking for a working dd
configure:6604: result: /bin/dd
configure:6608: checking how to truncate binary pipes
configure:6623: result: /bin/dd bs=4096 count=1
configure:6759: gcc -c -g -O2  conftest.c >&5
configure:6762: $? = 0
configure:6952: checking for mt
configure:6982: result: no
configure:7002: checking if : is a manifest tool
configure:7008: : '-?'
configure:7016: result: no
configure:7693: checking how to run the C preprocessor
configure:7724: gcc -E  conftest.c
configure:7724: $? = 0
configure:7738: gcc -E  conftest.c
conftest.c:11:28: fatal error: ac_nonexistent.h: No such file or directory
 #include <ac_nonexistent.h>
                            ^
compilation terminated.
configure:7738: $? = 1
configure: failed program was:
| /* confdefs.h */
| #define PACKAGE_NAME "liferea"
| #define PACKAGE_TARNAME "liferea"
| #define PACKAGE_VERSION "1.10.19"
| #define PACKAGE_STRING "liferea 1.10.19"
| #define PACKAGE_BUGREPORT "liferea-devel@lists.sourceforge.net"
| #define PACKAGE_URL ""
| #define PACKAGE "liferea"
| #define VERSION "1.10.19"
| /* end confdefs.h.  */
| #include <ac_nonexistent.h>
configure:7763: result: gcc -E
configure:7783: gcc -E  conftest.c
configure:7783: $? = 0
configure:7797: gcc -E  conftest.c
conftest.c:11:28: fatal error: ac_nonexistent.h: No such file or directory
 #include <ac_nonexistent.h>
                            ^
compilation terminated.
configure:7797: $? = 1
configure: failed program was:
| /* confdefs.h */
| #define PACKAGE_NAME "liferea"
| #define PACKAGE_TARNAME "liferea"
| #define PACKAGE_VERSION "1.10.19"
| #define PACKAGE_STRING "liferea 1.10.19"
| #define PACKAGE_BUGREPORT "liferea-devel@lists.sourceforge.net"
| #define PACKAGE_URL ""
| #define PACKAGE "liferea"
| #define VERSION "1.10.19"
| /* end confdefs.h.  */
| #include <ac_nonexistent.h>
configure:7826: checking for ANSI C header files
configure:7846: gcc -c -g -O2  conftest.c >&5
configure:7846: $? = 0
configure:7919: gcc -o conftest -g -O2   conftest.c  >&5
configure:7919: $? = 0
configure:7919: ./conftest
configure:7919: $? = 0
configure:7930: result: yes
configure:7943: checking for sys/types.h
configure:7943: gcc -c -g -O2  conftest.c >&5
configure:7943: $? = 0
configure:7943: result: yes
configure:7943: checking for sys/stat.h
configure:7943: gcc -c -g -O2  conftest.c >&5
configure:7943: $? = 0
configure:7943: result: yes
configure:7943: checking for stdlib.h
configure:7943: gcc -c -g -O2  conftest.c >&5
configure:7943: $? = 0
configure:7943: result: yes
configure:7943: checking for string.h
configure:7943: gcc -c -g -O2  conftest.c >&5
configure:7943: $? = 0
configure:7943: result: yes
configure:7943: checking for memory.h
configure:7943: gcc -c -g -O2  conftest.c >&5
configure:7943: $? = 0
configure:7943: result: yes
configure:7943: checking for strings.h
configure:7943: gcc -c -g -O2  conftest.c >&5
configure:7943: $? = 0
configure:7943: result: yes
configure:7943: checking for inttypes.h
configure:7943: gcc -c -g -O2  conftest.c >&5
configure:7943: $? = 0
configure:7943: result: yes
configure:7943: checking for stdint.h
configure:7943: gcc -c -g -O2  conftest.c >&5
configure:7943: $? = 0
configure:7943: result: yes
configure:7943: checking for unistd.h
configure:7943: gcc -c -g -O2  conftest.c >&5
configure:7943: $? = 0
configure:7943: result: yes
configure:7957: checking for dlfcn.h
configure:7957: gcc -c -g -O2  conftest.c >&5
configure:7957: $? = 0
configure:7957: result: yes
configure:8213: checking for objdir
configure:8228: result: .libs
configure:8488: checking if gcc supports -fno-rtti -fno-exceptions
configure:8506: gcc -c -g -O2  -fno-rtti -fno-exceptions conftest.c >&5
cc1: warning: command line option '-fno-rtti' is valid for C++/ObjC++ but not for C
configure:8510: $? = 0
configure:8523: result: no
configure:8881: checking for gcc option to produce PIC
configure:8888: result: -fPIC -DPIC
configure:8896: checking if gcc PIC flag -fPIC -DPIC works
configure:8914: gcc -c -g -O2  -fPIC -DPIC -DPIC conftest.c >&5
configure:8918: $? = 0
configure:8931: result: yes
configure:8960: checking if gcc static flag -static works
configure:8988: result: yes
configure:9003: checking if gcc supports -c -o file.o
configure:9024: gcc -c -g -O2  -o out/conftest2.o conftest.c >&5
configure:9028: $? = 0
configure:9050: result: yes
configure:9058: checking if gcc supports -c -o file.o
configure:9105: result: yes
configure:9138: checking whether the gcc linker (/usr/x86_64-pc-linux-gnu/bin/ld -m elf_x86_64) supports shared libraries
configure:10397: result: yes
configure:10434: checking whether -lc should be explicitly linked in
configure:10442: gcc -c -g -O2  conftest.c >&5
configure:10445: $? = 0
configure:10460: gcc -shared  -fPIC -DPIC conftest.o  -v -Wl,-soname -Wl,conftest -o conftest 2\>\&1 \| /bin/grep  -lc  \>/dev/null 2\>\&1
configure:10463: $? = 0
configure:10477: result: no
configure:10637: checking dynamic linker characteristics
configure:11231: gcc -o conftest -g -O2   -Wl,-rpath -Wl,/foo conftest.c  >&5
configure:11231: $? = 0
configure:11468: result: GNU/Linux ld.so
configure:11590: checking how to hardcode library paths into programs
configure:11615: result: immediate
configure:12163: checking whether stripping libraries is possible
configure:12168: result: yes
configure:12203: checking if libtool supports shared libraries
configure:12205: result: yes
configure:12208: checking whether to build shared libraries
configure:12233: result: yes
configure:12236: checking whether to build static libraries
configure:12240: result: yes
configure:12278: checking whether NLS is requested
configure:12287: result: yes
configure:12305: checking for intltool >= 0.40.4
configure:12307: result: 0.51.0 found
configure:12315: checking for intltool-update
configure:12333: found /usr/bin/intltool-update
configure:12345: result: /usr/bin/intltool-update
configure:12355: checking for intltool-merge
configure:12373: found /usr/bin/intltool-merge
configure:12385: result: /usr/bin/intltool-merge
configure:12395: checking for intltool-extract
configure:12413: found /usr/bin/intltool-extract
configure:12425: result: /usr/bin/intltool-extract
configure:12579: checking for xgettext
configure:12597: found /usr/bin/xgettext
configure:12609: result: /usr/bin/xgettext
configure:12619: checking for msgmerge
configure:12637: found /usr/bin/msgmerge
configure:12649: result: /usr/bin/msgmerge
configure:12659: checking for msgfmt
configure:12677: found /usr/bin/msgfmt
configure:12689: result: /usr/bin/msgfmt
configure:12699: checking for gmsgfmt
configure:12717: found /usr/bin/gmsgfmt
configure:12730: result: /usr/bin/gmsgfmt
configure:12750: checking for perl
configure:12768: found /usr/bin/perl
configure:12780: result: /usr/bin/perl
configure:12791: checking for perl >= 5.8.1
configure:12798: result: 5.24.3
configure:12802: checking for XML::Parser
configure:12805: result: ok
configure:12867: checking for gcc
configure:12894: result: gcc
configure:13123: checking for C compiler version
configure:13132: gcc --version >&5
gcc (Gentoo Hardened 6.4.0-r1 p1.3) 6.4.0
Copyright (C) 2017 Free Software Foundation, Inc.
This is free software; see the source for copying conditions.  There is NO
warranty; not even for MERCHANTABILITY or FITNESS FOR A PARTICULAR PURPOSE.

configure:13143: $? = 0
configure:13132: gcc -v >&5
Using built-in specs.
COLLECT_GCC=/usr/x86_64-pc-linux-gnu/gcc-bin/6.4.0/gcc
COLLECT_LTO_WRAPPER=/usr/libexec/gcc/x86_64-pc-linux-gnu/6.4.0/lto-wrapper
Target: x86_64-pc-linux-gnu
Configured with: /var/tmp/portage/sys-devel/gcc-6.4.0-r1/work/gcc-6.4.0/configure --host=x86_64-pc-linux-gnu --build=x86_64-pc-linux-gnu --prefix=/usr --bindir=/usr/x86_64-pc-linux-gnu/gcc-bin/6.4.0 --includedir=/usr/lib/gcc/x86_64-pc-linux-gnu/6.4.0/include --datadir=/usr/share/gcc-data/x86_64-pc-linux-gnu/6.4.0 --mandir=/usr/share/gcc-data/x86_64-pc-linux-gnu/6.4.0/man --infodir=/usr/share/gcc-data/x86_64-pc-linux-gnu/6.4.0/info --with-gxx-include-dir=/usr/lib/gcc/x86_64-pc-linux-gnu/6.4.0/include/g++-v6 --with-python-dir=/share/gcc-data/x86_64-pc-linux-gnu/6.4.0/python --enable-objc-gc --enable-languages=c,c++,go,objc,obj-c++,fortran --enable-obsolete --enable-secureplt --disable-werror --with-system-zlib --enable-nls --without-included-gettext --enable-checking=release --with-bugurl=https://bugs.gentoo.org/ --with-pkgversion='Gentoo Hardened 6.4.0-r1 p1.3' --enable-esp --enable-libstdcxx-time --enable-shared --enable-threads=posix --enable-__cxa_atexit --enable-clocale=gnu --enable-multilib --with-multilib-list=m32,m64 --disable-altivec --disable-fixed-point --enable-targets=all --disable-libgcj --enable-libgomp --disable-libmudflap --disable-libssp --disable-libcilkrts --disable-libmpx --enable-vtable-verify --enable-libvtv --enable-lto --with-isl --disable-isl-version-check --enable-libsanitizer --enable-default-pie --enable-default-ssp
Thread model: posix
gcc version 6.4.0 (Gentoo Hardened 6.4.0-r1 p1.3) 
configure:13143: $? = 0
configure:13132: gcc -V >&5
gcc: error: unrecognized command line option '-V'
gcc: fatal error: no input files
compilation terminated.
configure:13143: $? = 1
configure:13132: gcc -qversion >&5
gcc: error: unrecognized command line option '-qversion'; did you mean '--version'?
gcc: fatal error: no input files
compilation terminated.
configure:13143: $? = 1
configure:13147: checking whether we are using the GNU C compiler
configure:13175: result: yes
configure:13184: checking whether gcc accepts -g
configure:13245: result: yes
configure:13262: checking for gcc option to accept ISO C89
configure:13338: result: none needed
configure:13363: checking whether gcc understands -c and -o together
configure:13400: result: yes
configure:13419: checking dependency style of gcc
configure:13530: result: gcc3
configure:13546: checking whether make sets $(MAKE)
configure:13568: result: yes
configure:13584: checking for special C compiler options needed for large files
configure:13629: result: no
configure:13635: checking for _FILE_OFFSET_BITS value needed for large files
configure:13660: gcc -c -g -O2  conftest.c >&5
configure:13660: $? = 0
configure:13692: result: no
configure:13843: checking for pkg-config
configure:13861: found /usr/bin/pkg-config
configure:13873: result: /usr/bin/pkg-config
configure:13898: checking pkg-config is at least version 0.16
configure:13901: result: yes
configure:14027: checking for strsep
configure:14027: gcc -o conftest -g -O2   conftest.c  >&5
configure:14027: $? = 0
configure:14027: result: yes
configure:14091: checking for pkg-config
configure:14121: result: /usr/bin/pkg-config
configure:14146: checking pkg-config is at least version 0.9.0
configure:14149: result: yes
configure:14162: checking for libnotify >= 0.7
configure:14169: $PKG_CONFIG --exists --print-errors "libnotify >= 0.7"
configure:14172: $? = 0
configure:14186: $PKG_CONFIG --exists --print-errors "libnotify >= 0.7"
configure:14189: $? = 0
configure:14227: result: yes
configure:14255: checking for indicate-0.7 indicate-gtk3-0.7
configure:14262: $PKG_CONFIG --exists --print-errors "indicate-0.7 indicate-gtk3-0.7"
configure:14265: $? = 0
configure:14279: $PKG_CONFIG --exists --print-errors "indicate-0.7 indicate-gtk3-0.7"
configure:14282: $? = 0
configure:14320: result: yes
configure:14445: checking for 	gtk+-3.0 >= 3.14.0
		glib-2.0 >= 2.28.0
		gio-2.0 >= 2.26.0
		pango >= 1.4.0
		libxml-2.0 >= 2.6.27
		libxslt >= 1.1.19
		sqlite3 >= 3.7.0
		gmodule-2.0 >= 2.0.0
		gthread-2.0
		libsoup-2.4 >= 2.42
		webkit2gtk-4.0
		json-glib-1.0
		gobject-introspection-1.0
		gsettings-desktop-schemas
		libpeas-1.0 >= 1.0.0
		libpeas-gtk-1.0 >= 1.0.0
configure:14452: $PKG_CONFIG --exists --print-errors "$pkg_modules"
configure:14455: $? = 0
configure:14469: $PKG_CONFIG --exists --print-errors "$pkg_modules"
configure:14472: $? = 0
configure:14530: result: yes
configure:14549: result: user agent OS = Linux
configure:14566: checking for gobject-introspection
configure:14597: $PKG_CONFIG --exists --print-errors "gobject-introspection-1.0 >= 0.9.3"
configure:14600: $? = 0
configure:14612: result: yes
configure:14655: checking locale.h usability
configure:14655: gcc -c -g -O2  conftest.c >&5
configure:14655: $? = 0
configure:14655: result: yes
configure:14655: checking locale.h presence
configure:14655: gcc -E  conftest.c
configure:14655: $? = 0
configure:14655: result: yes
configure:14655: checking for locale.h
configure:14655: result: yes
configure:14666: checking for LC_MESSAGES
configure:14682: gcc -o conftest -g -O2   conftest.c  >&5
configure:14682: $? = 0
configure:14690: result: yes
configure:14708: checking for CFPreferencesCopyAppValue
configure:14726: gcc -o conftest -g -O2   conftest.c  -Wl,-framework -Wl,CoreFoundation >&5
conftest.c:30:42: fatal error: CoreFoundation/CFPreferences.h: No such file or directory
 #include <CoreFoundation/CFPreferences.h>
                                          ^
compilation terminated.
configure:14726: $? = 1
configure: failed program was:
| /* confdefs.h */
| #define PACKAGE_NAME "liferea"
| #define PACKAGE_TARNAME "liferea"
| #define PACKAGE_VERSION "1.10.19"
| #define PACKAGE_STRING "liferea 1.10.19"
| #define PACKAGE_BUGREPORT "liferea-devel@lists.sourceforge.net"
| #define PACKAGE_URL ""
| #define PACKAGE "liferea"
| #define VERSION "1.10.19"
| #define STDC_HEADERS 1
| #define HAVE_SYS_TYPES_H 1
| #define HAVE_SYS_STAT_H 1
| #define HAVE_STDLIB_H 1
| #define HAVE_STRING_H 1
| #define HAVE_MEMORY_H 1
| #define HAVE_STRINGS_H 1
| #define HAVE_INTTYPES_H 1
| #define HAVE_STDINT_H 1
| #define HAVE_UNISTD_H 1
| #define HAVE_DLFCN_H 1
| #define LT_OBJDIR ".libs/"
| #define HAVE_STRSEP 1
| #define HAVE_LIBNOTIFY 1
| #define HAVE_LIBINDICATE 1
| #define OS Linux
| #define OSNAME "Linux"
| #define HAVE_LOCALE_H 1
| #define HAVE_LC_MESSAGES 1
| /* end confdefs.h.  */
| #include <CoreFoundation/CFPreferences.h>
| int
| main ()
| {
| CFPreferencesCopyAppValue(NULL, NULL)
|   ;
|   return 0;
| }
configure:14735: result: no
configure:14742: checking for CFLocaleCopyCurrent
configure:14760: gcc -o conftest -g -O2   conftest.c  -Wl,-framework -Wl,CoreFoundation >&5
conftest.c:30:37: fatal error: CoreFoundation/CFLocale.h: No such file or directory
 #include <CoreFoundation/CFLocale.h>
                                     ^
compilation terminated.
configure:14760: $? = 1
configure: failed program was:
| /* confdefs.h */
| #define PACKAGE_NAME "liferea"
| #define PACKAGE_TARNAME "liferea"
| #define PACKAGE_VERSION "1.10.19"
| #define PACKAGE_STRING "liferea 1.10.19"
| #define PACKAGE_BUGREPORT "liferea-devel@lists.sourceforge.net"
| #define PACKAGE_URL ""
| #define PACKAGE "liferea"
| #define VERSION "1.10.19"
| #define STDC_HEADERS 1
| #define HAVE_SYS_TYPES_H 1
| #define HAVE_SYS_STAT_H 1
| #define HAVE_STDLIB_H 1
| #define HAVE_STRING_H 1
| #define HAVE_MEMORY_H 1
| #define HAVE_STRINGS_H 1
| #define HAVE_INTTYPES_H 1
| #define HAVE_STDINT_H 1
| #define HAVE_UNISTD_H 1
| #define HAVE_DLFCN_H 1
| #define LT_OBJDIR ".libs/"
| #define HAVE_STRSEP 1
| #define HAVE_LIBNOTIFY 1
| #define HAVE_LIBINDICATE 1
| #define OS Linux
| #define OSNAME "Linux"
| #define HAVE_LOCALE_H 1
| #define HAVE_LC_MESSAGES 1
| /* end confdefs.h.  */
| #include <CoreFoundation/CFLocale.h>
| int
| main ()
| {
| CFLocaleCopyCurrent();
|   ;
|   return 0;
| }
configure:14769: result: no
configure:14783: checking libintl.h usability
configure:14783: gcc -c -g -O2  conftest.c >&5
configure:14783: $? = 0
configure:14783: result: yes
configure:14783: checking libintl.h presence
configure:14783: gcc -E  conftest.c
configure:14783: $? = 0
configure:14783: result: yes
configure:14783: checking for libintl.h
configure:14783: result: yes
configure:14791: checking for ngettext in libc
configure:14809: gcc -o conftest -g -O2   conftest.c  >&5
configure:14809: $? = 0
configure:14818: result: yes
configure:14822: checking for dgettext in libc
configure:14840: gcc -o conftest -g -O2   conftest.c  >&5
configure:14840: $? = 0
configure:14849: result: yes
configure:14856: checking for bind_textdomain_codeset
configure:14856: gcc -o conftest -g -O2   conftest.c  >&5
configure:14856: $? = 0
configure:14856: result: yes
configure:15132: checking for msgfmt
configure:15159: result: /usr/bin/msgfmt
configure:15170: checking for dcgettext
configure:15170: gcc -o conftest -g -O2   conftest.c   >&5
conftest.c:55:6: warning: conflicting types for built-in function 'dcgettext'
 char dcgettext ();
      ^~~~~~~~~
configure:15170: $? = 0
configure:15170: result: yes
configure:15180: checking if msgfmt accepts -c
configure:15195: $MSGFMT -c -o /dev/null conftest.foo
conftest.foo:3: warning: header field 'Language' missing in header
configure:15198: $? = 0
configure:15200: result: yes
configure:15210: checking for gmsgfmt
configure:15241: result: /usr/bin/gmsgfmt
configure:15251: checking for xgettext
configure:15278: result: /usr/bin/xgettext
configure:15297: gcc -o conftest -g -O2   conftest.c   >&5
configure:15297: $? = 0
configure:15557: checking that generated files are newer than configure
configure:15563: result: done
configure:15606: creating ./config.status

## ---------------------- ##
## Running config.status. ##
## ---------------------- ##

This file was extended by liferea config.status 1.10.19, which was
generated by GNU Autoconf 2.69.  Invocation command line was

  CONFIG_FILES    = 
  CONFIG_HEADERS  = 
  CONFIG_LINKS    = 
  CONFIG_COMMANDS = 
  $ ./config.status 

on sabayon.local

config.status:1270: creating Makefile
config.status:1270: creating net.sf.liferea.gschema.xml
config.status:1270: creating src/Makefile
config.status:1270: creating src/webkit/Makefile
config.status:1270: creating src/parsers/Makefile
config.status:1270: creating src/fl_sources/Makefile
config.status:1270: creating src/notification/Makefile
config.status:1270: creating src/ui/Makefile
config.status:1270: creating doc/Makefile
config.status:1270: creating doc/html/Makefile
config.status:1270: creating xslt/Makefile
config.status:1270: creating man/Makefile
config.status:1270: creating man/pl/Makefile
config.status:1270: creating pixmaps/Makefile
config.status:1270: creating pixmaps/16x16/Makefile
config.status:1270: creating pixmaps/22x22/Makefile
config.status:1270: creating pixmaps/24x24/Makefile
config.status:1270: creating pixmaps/32x32/Makefile
config.status:1270: creating pixmaps/48x48/Makefile
config.status:1270: creating pixmaps/scalable/Makefile
config.status:1270: creating opml/Makefile
config.status:1270: creating glade/Makefile
config.status:1270: creating po/Makefile.in
config.status:1270: creating src/liferea-add-feed
config.status:1270: creating config.h
config.status:1499: executing depfiles commands
config.status:1499: executing libtool commands
config.status:1499: executing default-1 commands
config.status:1499: executing po/stamp-it commands

## ---------------- ##
## Cache variables. ##
## ---------------- ##

ac_cv_build=x86_64-pc-linux-gnu
ac_cv_c_compiler_gnu=yes
ac_cv_env_CC_set=
ac_cv_env_CC_value=
ac_cv_env_CFLAGS_set=
ac_cv_env_CFLAGS_value=
ac_cv_env_CPPFLAGS_set=
ac_cv_env_CPPFLAGS_value=
ac_cv_env_CPP_set=
ac_cv_env_CPP_value=
ac_cv_env_LDFLAGS_set=
ac_cv_env_LDFLAGS_value=
ac_cv_env_LIBINDICATE_CFLAGS_set=
ac_cv_env_LIBINDICATE_CFLAGS_value=
ac_cv_env_LIBINDICATE_LIBS_set=
ac_cv_env_LIBINDICATE_LIBS_value=
ac_cv_env_LIBNOTIFY_CFLAGS_set=
ac_cv_env_LIBNOTIFY_CFLAGS_value=
ac_cv_env_LIBNOTIFY_LIBS_set=
ac_cv_env_LIBNOTIFY_LIBS_value=
ac_cv_env_LIBS_set=
ac_cv_env_LIBS_value=
ac_cv_env_LT_SYS_LIBRARY_PATH_set=
ac_cv_env_LT_SYS_LIBRARY_PATH_value=
ac_cv_env_PACKAGE_CFLAGS_set=
ac_cv_env_PACKAGE_CFLAGS_value=
ac_cv_env_PACKAGE_LIBS_set=
ac_cv_env_PACKAGE_LIBS_value=
ac_cv_env_PKG_CONFIG_LIBDIR_set=
ac_cv_env_PKG_CONFIG_LIBDIR_value=
ac_cv_env_PKG_CONFIG_PATH_set=
ac_cv_env_PKG_CONFIG_PATH_value=
ac_cv_env_PKG_CONFIG_set=
ac_cv_env_PKG_CONFIG_value=
ac_cv_env_build_alias_set=
ac_cv_env_build_alias_value=
ac_cv_env_host_alias_set=
ac_cv_env_host_alias_value=
ac_cv_env_target_alias_set=
ac_cv_env_target_alias_value=
ac_cv_func_bind_textdomain_codeset=yes
ac_cv_func_dcgettext=yes
ac_cv_func_strsep=yes
ac_cv_header_dlfcn_h=yes
ac_cv_header_inttypes_h=yes
ac_cv_header_libintl_h=yes
ac_cv_header_locale_h=yes
ac_cv_header_memory_h=yes
ac_cv_header_stdc=yes
ac_cv_header_stdint_h=yes
ac_cv_header_stdlib_h=yes
ac_cv_header_string_h=yes
ac_cv_header_strings_h=yes
ac_cv_header_sys_stat_h=yes
ac_cv_header_sys_types_h=yes
ac_cv_header_unistd_h=yes
ac_cv_host=x86_64-pc-linux-gnu
ac_cv_objext=o
ac_cv_path_EGREP='/bin/grep -E'
ac_cv_path_FGREP='/bin/grep -F'
ac_cv_path_GMSGFMT=/usr/bin/gmsgfmt
ac_cv_path_GREP=/bin/grep
ac_cv_path_INTLTOOL_EXTRACT=/usr/bin/intltool-extract
ac_cv_path_INTLTOOL_MERGE=/usr/bin/intltool-merge
ac_cv_path_INTLTOOL_PERL=/usr/bin/perl
ac_cv_path_INTLTOOL_UPDATE=/usr/bin/intltool-update
ac_cv_path_MSGFMT=/usr/bin/msgfmt
ac_cv_path_MSGMERGE=/usr/bin/msgmerge
ac_cv_path_SED=/bin/sed
ac_cv_path_XGETTEXT=/usr/bin/xgettext
ac_cv_path_ac_pt_PKG_CONFIG=/usr/bin/pkg-config
ac_cv_path_install='/usr/bin/install -c'
ac_cv_path_lt_DD=/bin/dd
ac_cv_path_mkdir=/bin/mkdir
ac_cv_prog_AWK=gawk
ac_cv_prog_CPP='gcc -E'
ac_cv_prog_ac_ct_AR=ar
ac_cv_prog_ac_ct_CC=gcc
ac_cv_prog_ac_ct_OBJDUMP=objdump
ac_cv_prog_ac_ct_RANLIB=ranlib
ac_cv_prog_ac_ct_STRIP=strip
ac_cv_prog_cc_c89=
ac_cv_prog_cc_g=yes
ac_cv_prog_make_make_set=yes
ac_cv_sys_file_offset_bits=no
ac_cv_sys_largefile_CC=no
am_cv_CC_dependencies_compiler_type=gcc3
am_cv_ar_interface=ar
am_cv_make_support_nested_variables=yes
am_cv_prog_cc_c_o=yes
am_cv_val_LC_MESSAGES=yes
gt_cv_func_CFLocaleCopyCurrent=no
gt_cv_func_CFPreferencesCopyAppValue=no
gt_cv_func_dgettext_libc=yes
gt_cv_func_dgettext_libintl=no
gt_cv_func_ngettext_libc=yes
gt_cv_have_gettext=yes
lt_cv_ar_at_file=@
lt_cv_archive_cmds_need_lc=no
lt_cv_deplibs_check_method=pass_all
lt_cv_file_magic_cmd='$MAGIC_CMD'
lt_cv_file_magic_test_file=
lt_cv_ld_reload_flag=-r
lt_cv_nm_interface='BSD nm'
lt_cv_objdir=.libs
lt_cv_path_LD=/usr/x86_64-pc-linux-gnu/bin/ld
lt_cv_path_NM='/usr/bin/nm -B'
lt_cv_path_mainfest_tool=no
lt_cv_prog_compiler_c_o=yes
lt_cv_prog_compiler_pic='-fPIC -DPIC'
lt_cv_prog_compiler_pic_works=yes
lt_cv_prog_compiler_rtti_exceptions=no
lt_cv_prog_compiler_static_works=yes
lt_cv_prog_gnu_ld=yes
lt_cv_sharedlib_from_linklib_cmd='printf %s\n'
lt_cv_shlibpath_overrides_runpath=yes
lt_cv_sys_global_symbol_pipe='sed -n -e '\''s/^.*[	 ]\([ABCDGIRSTW][ABCDGIRSTW]*\)[	 ][	 ]*\([_A-Za-z][_A-Za-z0-9]*\)$/\1 \2 \2/p'\'' | sed '\''/ __gnu_lto/d'\'''
lt_cv_sys_global_symbol_to_c_name_address='sed -n -e '\''s/^: \(.*\) .*$/  {"\1", (void *) 0},/p'\'' -e '\''s/^[ABCDGIRSTW][ABCDGIRSTW]* .* \(.*\)$/  {"\1", (void *) \&\1},/p'\'''
lt_cv_sys_global_symbol_to_c_name_address_lib_prefix='sed -n -e '\''s/^: \(.*\) .*$/  {"\1", (void *) 0},/p'\'' -e '\''s/^[ABCDGIRSTW][ABCDGIRSTW]* .* \(lib.*\)$/  {"\1", (void *) \&\1},/p'\'' -e '\''s/^[ABCDGIRSTW][ABCDGIRSTW]* .* \(.*\)$/  {"lib\1", (void *) \&\1},/p'\'''
lt_cv_sys_global_symbol_to_cdecl='sed -n -e '\''s/^T .* \(.*\)$/extern int \1();/p'\'' -e '\''s/^[ABCDGIRSTW][ABCDGIRSTW]* .* \(.*\)$/extern char \1;/p'\'''
lt_cv_sys_global_symbol_to_import=
lt_cv_sys_max_cmd_len=1572864
lt_cv_to_host_file_cmd=func_convert_file_noop
lt_cv_to_tool_file_cmd=func_convert_file_noop
lt_cv_truncate_bin='/bin/dd bs=4096 count=1'
pkg_cv_LIBINDICATE_CFLAGS='-pthread -I/usr/include/libindicate-gtk3-0.7 -I/usr/include/gtk-3.0 -I/usr/include/at-spi2-atk/2.0 -I/usr/include/at-spi-2.0 -I/usr/include/dbus-1.0 -I/usr/lib64/dbus-1.0/include -I/usr/include/gtk-3.0 -I/usr/include/gio-unix-2.0/ -I/usr/include/cairo -I/usr/include/pango-1.0 -I/usr/include/harfbuzz -I/usr/include/pango-1.0 -I/usr/include/atk-1.0 -I/usr/include/cairo -I/usr/include/pixman-1 -I/usr/include/freetype2 -I/usr/include/libdrm -I/usr/include/libpng16 -I/usr/include/gdk-pixbuf-2.0 -I/usr/include/libpng16 -I/usr/include/libindicate-0.7 -I/usr/include/glib-2.0 -I/usr/lib64/glib-2.0/include -I/usr/include/libdbusmenu-glib-0.4'
pkg_cv_LIBINDICATE_LIBS='-lindicate-gtk3 -lgtk-3 -lgdk-3 -lpangocairo-1.0 -lpango-1.0 -latk-1.0 -lcairo-gobject -lcairo -lgdk_pixbuf-2.0 -lgio-2.0 -lindicate -lgobject-2.0 -lglib-2.0 -ldbusmenu-glib'
pkg_cv_LIBNOTIFY_CFLAGS='-pthread -I/usr/include/gdk-pixbuf-2.0 -I/usr/include/libpng16 -I/usr/include/glib-2.0 -I/usr/lib64/glib-2.0/include'
pkg_cv_LIBNOTIFY_LIBS='-lnotify -lgdk_pixbuf-2.0 -lgio-2.0 -lgobject-2.0 -lglib-2.0'
pkg_cv_PACKAGE_CFLAGS='-pthread -I/usr/include/webkitgtk-4.0 -I/usr/include/libsoup-2.4 -I/usr/include/libxml2 -I/usr/include/webkitgtk-4.0 -I/usr/include/json-glib-1.0 -I/usr/include/libpeas-1.0 -I/usr/include/gtk-3.0 -I/usr/include/at-spi2-atk/2.0 -I/usr/include/at-spi-2.0 -I/usr/include/dbus-1.0 -I/usr/lib64/dbus-1.0/include -I/usr/include/gtk-3.0 -I/usr/include/gio-unix-2.0/ -I/usr/include/cairo -I/usr/include/pango-1.0 -I/usr/include/harfbuzz -I/usr/include/pango-1.0 -I/usr/include/atk-1.0 -I/usr/include/cairo -I/usr/include/pixman-1 -I/usr/include/freetype2 -I/usr/include/libdrm -I/usr/include/libpng16 -I/usr/include/gdk-pixbuf-2.0 -I/usr/include/libpng16 -I/usr/include/libpeas-1.0 -I/usr/include/gobject-introspection-1.0 -I/usr/lib64/libffi-3.2.1/include -I/usr/include/glib-2.0 -I/usr/lib64/glib-2.0/include -I/usr/include/gsettings-desktop-schemas'
pkg_cv_PACKAGE_LIBS='-lxslt -lxml2 -lm -lxml2 -lsqlite3 -lgthread-2.0 -pthread -lwebkit2gtk-4.0 -lsoup-2.4 -ljavascriptcoregtk-4.0 -ljson-glib-1.0 -lpeas-gtk-1.0 -lgtk-3 -lgdk-3 -lpangocairo-1.0 -lpango-1.0 -latk-1.0 -lcairo-gobject -lcairo -lgdk_pixbuf-2.0 -lpeas-1.0 -Wl,--export-dynamic -lgmodule-2.0 -pthread -lgio-2.0 -lgirepository-1.0 -lgobject-2.0 -lglib-2.0'

## ----------------- ##
## Output variables. ##
## ----------------- ##










		$(INSTALL_DATA) $^ "$(DESTDIR)$(gsettingsschemadir)"; \
		test -n "$(GSETTINGS_DISABLE_SCHEMAS_COMPILE)$(DESTDIR)" || $(GLIB_COMPILE_SCHEMAS) $(gsettingsschemadir); \
		test -z "$(gsettingsschemadir)" || $(MKDIR_P) "$(DESTDIR)$(gsettingsschemadir)"; \
	$(AM_V_GEN) $(GLIB_COMPILE_SCHEMAS) --strict --dry-run $(addprefix --schema-file=,$(gsettings__enum_file)) --schema-file=$< && mkdir -p $(@D) && touch $@
	$(AM_V_GEN) glib-mkenums --comments '\''<!-- @comment@ -->'\'' --fhead "<schemalist>" --vhead "  <@type@ id='\''$(gsettings_ENUM_NAMESPACE).@EnumName@'\''>" --vprod "    <value nick='\''@valuenick@'\'' value='\''@valuenum@'\''/>" --vtail "  </@type@>" --ftail "</schemalist>" $^ > $@.tmp && mv $@.tmp $@
	@$(NORMAL_INSTALL)
	@$(NORMAL_UNINSTALL)
	@list='\''$(gsettings_SCHEMAS) $(gsettings__enum_file)'\''; test -n "$(gsettingsschemadir)" || list=; \
	cd "$(DESTDIR)$(gsettingsschemadir)" && rm -f $$files
	echo " ( cd '\''$(DESTDIR)$(gsettingsschemadir)'\'' && rm -f" $$files ")"; \
	fi
	files=`for p in $$list; do echo $$p; done | sed -e '\''s|^.*/||'\''`; \
	if test -n "$^"; then \
	rm -f $(gsettings_SCHEMAS:.xml=.valid) $(gsettings__enum_file)
	test -n "$$files" || exit 0; \
	test -n "$(GSETTINGS_DISABLE_SCHEMAS_COMPILE)$(DESTDIR)" || $(GLIB_COMPILE_SCHEMAS) $(gsettingsschemadir)
$(gsettings__enum_file): $(gsettings_ENUM_FILES)
%.gschema.valid: %.gschema.xml $(gsettings__enum_file)
.PHONY : uninstall-gsettings-schemas install-gsettings-schemas clean-gsettings-schemas
.SECONDARY: $(gsettings_SCHEMAS)
ACLOCAL='${SHELL} /home/unixjunkie/liferea-1.10.19/missing aclocal-1.15'
ALL_LINGUAS=''
AMDEPBACKSLASH='\'
AMDEP_FALSE='#'
AMDEP_TRUE=''
AMTAR='$${TAR-tar}'
AM_BACKSLASH='\'
AM_DEFAULT_V='$(AM_DEFAULT_VERBOSITY)'
AM_DEFAULT_VERBOSITY='0'
AM_V='$(V)'
AR='ar'
AUTOCONF='${SHELL} /home/unixjunkie/liferea-1.10.19/missing autoconf'
AUTOHEADER='${SHELL} /home/unixjunkie/liferea-1.10.19/missing autoheader'
AUTOMAKE='${SHELL} /home/unixjunkie/liferea-1.10.19/missing automake-1.15'
AWK='gawk'
CATALOGS=''
CATOBJEXT='.gmo'
CC='gcc'
CCDEPMODE='depmode=gcc3'
CFLAGS='-g -O2'
CPP='gcc -E'
CPPFLAGS=''
CYGPATH_W='echo'
DATADIRNAME='share'
DEFS='-DHAVE_CONFIG_H'
DEPDIR='.deps'
DLLTOOL='false'
DSYMUTIL=''
DUMPBIN=''
ECHO_C=''
ECHO_N='-n'
ECHO_T=''
EGREP='/bin/grep -E'
EXEEXT=''
FGREP='/bin/grep -F'
GETTEXT_PACKAGE='liferea'
GLIB_COMPILE_SCHEMAS='glib-compile-schemas'
GMOFILES=''
GMSGFMT='/usr/bin/gmsgfmt'
GREP='/bin/grep'
GSETTINGS_DISABLE_SCHEMAS_COMPILE=''
GSETTINGS_RULES='
HAVE_INTROSPECTION_FALSE='#'
HAVE_INTROSPECTION_TRUE=''
INSTALL_DATA='${INSTALL} -m 644'
INSTALL_PROGRAM='${INSTALL}'
INSTALL_SCRIPT='${INSTALL}'
INSTALL_STRIP_PROGRAM='$(install_sh) -c -s'
INSTOBJEXT='.mo'
INTLLIBS=''
INTLTOOL_CAVES_RULE='%.caves:     %.caves.in     $(INTLTOOL_MERGE) $(wildcard $(top_srcdir)/po/*.po) ; $(INTLTOOL_V_MERGE)LC_ALL=C $(INTLTOOL_MERGE) $(INTLTOOL_V_MERGE_OPTIONS) -d -u -c $(top_builddir)/po/.intltool-merge-cache $(top_srcdir)/po $< $@'
INTLTOOL_DESKTOP_RULE='%.desktop:   %.desktop.in   $(INTLTOOL_MERGE) $(wildcard $(top_srcdir)/po/*.po) ; $(INTLTOOL_V_MERGE)LC_ALL=C $(INTLTOOL_MERGE) $(INTLTOOL_V_MERGE_OPTIONS) -d -u -c $(top_builddir)/po/.intltool-merge-cache $(top_srcdir)/po $< $@'
INTLTOOL_DIRECTORY_RULE='%.directory: %.directory.in $(INTLTOOL_MERGE) $(wildcard $(top_srcdir)/po/*.po) ; $(INTLTOOL_V_MERGE)LC_ALL=C $(INTLTOOL_MERGE) $(INTLTOOL_V_MERGE_OPTIONS) -d -u -c $(top_builddir)/po/.intltool-merge-cache $(top_srcdir)/po $< $@'
INTLTOOL_EXTRACT='/usr/bin/intltool-extract'
INTLTOOL_KBD_RULE='%.kbd:       %.kbd.in       $(INTLTOOL_MERGE) $(wildcard $(top_srcdir)/po/*.po) ; $(INTLTOOL_V_MERGE)LC_ALL=C $(INTLTOOL_MERGE) $(INTLTOOL_V_MERGE_OPTIONS) -x -u -m -c $(top_builddir)/po/.intltool-merge-cache $(top_srcdir)/po $< $@'
INTLTOOL_KEYS_RULE='%.keys:      %.keys.in      $(INTLTOOL_MERGE) $(wildcard $(top_srcdir)/po/*.po) ; $(INTLTOOL_V_MERGE)LC_ALL=C $(INTLTOOL_MERGE) $(INTLTOOL_V_MERGE_OPTIONS) -k -u -c $(top_builddir)/po/.intltool-merge-cache $(top_srcdir)/po $< $@'
INTLTOOL_MERGE='/usr/bin/intltool-merge'
INTLTOOL_OAF_RULE='%.oaf:       %.oaf.in       $(INTLTOOL_MERGE) $(wildcard $(top_srcdir)/po/*.po) ; $(INTLTOOL_V_MERGE)LC_ALL=C $(INTLTOOL_MERGE) $(INTLTOOL_V_MERGE_OPTIONS) -o -p $(top_srcdir)/po $< $@'
INTLTOOL_PERL='/usr/bin/perl'
INTLTOOL_POLICY_RULE='%.policy:    %.policy.in    $(INTLTOOL_MERGE) $(wildcard $(top_srcdir)/po/*.po) ; $(INTLTOOL_V_MERGE)LC_ALL=C $(INTLTOOL_MERGE) $(INTLTOOL_V_MERGE_OPTIONS) -x -u -c $(top_builddir)/po/.intltool-merge-cache $(top_srcdir)/po $< $@'
INTLTOOL_PONG_RULE='%.pong:      %.pong.in      $(INTLTOOL_MERGE) $(wildcard $(top_srcdir)/po/*.po) ; $(INTLTOOL_V_MERGE)LC_ALL=C $(INTLTOOL_MERGE) $(INTLTOOL_V_MERGE_OPTIONS) -x -u -c $(top_builddir)/po/.intltool-merge-cache $(top_srcdir)/po $< $@'
INTLTOOL_PROP_RULE='%.prop:      %.prop.in      $(INTLTOOL_MERGE) $(wildcard $(top_srcdir)/po/*.po) ; $(INTLTOOL_V_MERGE)LC_ALL=C $(INTLTOOL_MERGE) $(INTLTOOL_V_MERGE_OPTIONS) -d -u -c $(top_builddir)/po/.intltool-merge-cache $(top_srcdir)/po $< $@'
INTLTOOL_SCHEMAS_RULE='%.schemas:   %.schemas.in   $(INTLTOOL_MERGE) $(wildcard $(top_srcdir)/po/*.po) ; $(INTLTOOL_V_MERGE)LC_ALL=C $(INTLTOOL_MERGE) $(INTLTOOL_V_MERGE_OPTIONS) -s -u -c $(top_builddir)/po/.intltool-merge-cache $(top_srcdir)/po $< $@'
INTLTOOL_SERVER_RULE='%.server:    %.server.in    $(INTLTOOL_MERGE) $(wildcard $(top_srcdir)/po/*.po) ; $(INTLTOOL_V_MERGE)LC_ALL=C $(INTLTOOL_MERGE) $(INTLTOOL_V_MERGE_OPTIONS) -o -u -c $(top_builddir)/po/.intltool-merge-cache $(top_srcdir)/po $< $@'
INTLTOOL_SERVICE_RULE='%.service: %.service.in   $(INTLTOOL_MERGE) $(wildcard $(top_srcdir)/po/*.po) ; $(INTLTOOL_V_MERGE)LC_ALL=C $(INTLTOOL_MERGE) $(INTLTOOL_V_MERGE_OPTIONS) -d -u -c $(top_builddir)/po/.intltool-merge-cache $(top_srcdir)/po $< $@'
INTLTOOL_SHEET_RULE='%.sheet:     %.sheet.in     $(INTLTOOL_MERGE) $(wildcard $(top_srcdir)/po/*.po) ; $(INTLTOOL_V_MERGE)LC_ALL=C $(INTLTOOL_MERGE) $(INTLTOOL_V_MERGE_OPTIONS) -x -u -c $(top_builddir)/po/.intltool-merge-cache $(top_srcdir)/po $< $@'
INTLTOOL_SOUNDLIST_RULE='%.soundlist: %.soundlist.in $(INTLTOOL_MERGE) $(wildcard $(top_srcdir)/po/*.po) ; $(INTLTOOL_V_MERGE)LC_ALL=C $(INTLTOOL_MERGE) $(INTLTOOL_V_MERGE_OPTIONS) -d -u -c $(top_builddir)/po/.intltool-merge-cache $(top_srcdir)/po $< $@'
INTLTOOL_THEME_RULE='%.theme:     %.theme.in     $(INTLTOOL_MERGE) $(wildcard $(top_srcdir)/po/*.po) ; $(INTLTOOL_V_MERGE)LC_ALL=C $(INTLTOOL_MERGE) $(INTLTOOL_V_MERGE_OPTIONS) -d -u -c $(top_builddir)/po/.intltool-merge-cache $(top_srcdir)/po $< $@'
INTLTOOL_UI_RULE='%.ui:        %.ui.in        $(INTLTOOL_MERGE) $(wildcard $(top_srcdir)/po/*.po) ; $(INTLTOOL_V_MERGE)LC_ALL=C $(INTLTOOL_MERGE) $(INTLTOOL_V_MERGE_OPTIONS) -x -u -c $(top_builddir)/po/.intltool-merge-cache $(top_srcdir)/po $< $@'
INTLTOOL_UPDATE='/usr/bin/intltool-update'
INTLTOOL_V_MERGE='$(INTLTOOL__v_MERGE_$(V))'
INTLTOOL_V_MERGE_OPTIONS='$(intltool__v_merge_options_$(V))'
INTLTOOL_XAM_RULE='%.xam:       %.xml.in       $(INTLTOOL_MERGE) $(wildcard $(top_srcdir)/po/*.po) ; $(INTLTOOL_V_MERGE)LC_ALL=C $(INTLTOOL_MERGE) $(INTLTOOL_V_MERGE_OPTIONS) -x -u -c $(top_builddir)/po/.intltool-merge-cache $(top_srcdir)/po $< $@'
INTLTOOL_XML_NOMERGE_RULE='%.xml:       %.xml.in       $(INTLTOOL_MERGE) ; $(INTLTOOL_V_MERGE)LC_ALL=C $(INTLTOOL_MERGE) $(INTLTOOL_V_MERGE_OPTIONS) -x -u --no-translations $< $@'
INTLTOOL_XML_RULE='%.xml:       %.xml.in       $(INTLTOOL_MERGE) $(wildcard $(top_srcdir)/po/*.po) ; $(INTLTOOL_V_MERGE)LC_ALL=C $(INTLTOOL_MERGE) $(INTLTOOL_V_MERGE_OPTIONS) -x -u -c $(top_builddir)/po/.intltool-merge-cache $(top_srcdir)/po $< $@'
INTLTOOL__v_MERGE_0='@echo "  ITMRG " $@;'
INTLTOOL__v_MERGE_='$(INTLTOOL__v_MERGE_$(AM_DEFAULT_VERBOSITY))'
INTL_MACOSX_LIBS=''
INTROSPECTION_CFLAGS='-pthread -I/usr/include/gobject-introspection-1.0 -I/usr/lib64/libffi-3.2.1/include -I/usr/include/glib-2.0 -I/usr/lib64/glib-2.0/include'
INTROSPECTION_COMPILER='/usr/bin/g-ir-compiler'
INTROSPECTION_GENERATE='/usr/bin/g-ir-generate'
INTROSPECTION_GIRDIR='/usr/share/gir-1.0'
INTROSPECTION_LIBS='-lgirepository-1.0 -lgobject-2.0 -lglib-2.0'
INTROSPECTION_MAKEFILE='/usr/share/gobject-introspection-1.0/Makefile.introspection'
INTROSPECTION_SCANNER='/usr/bin/g-ir-scanner'
INTROSPECTION_TYPELIBDIR='/usr/lib64/girepository-1.0'
LD='/usr/x86_64-pc-linux-gnu/bin/ld -m elf_x86_64'
LDFLAGS=''
LIBINDICATE_CFLAGS='-pthread -I/usr/include/libindicate-gtk3-0.7 -I/usr/include/gtk-3.0 -I/usr/include/at-spi2-atk/2.0 -I/usr/include/at-spi-2.0 -I/usr/include/dbus-1.0 -I/usr/lib64/dbus-1.0/include -I/usr/include/gtk-3.0 -I/usr/include/gio-unix-2.0/ -I/usr/include/cairo -I/usr/include/pango-1.0 -I/usr/include/harfbuzz -I/usr/include/pango-1.0 -I/usr/include/atk-1.0 -I/usr/include/cairo -I/usr/include/pixman-1 -I/usr/include/freetype2 -I/usr/include/libdrm -I/usr/include/libpng16 -I/usr/include/gdk-pixbuf-2.0 -I/usr/include/libpng16 -I/usr/include/libindicate-0.7 -I/usr/include/glib-2.0 -I/usr/lib64/glib-2.0/include -I/usr/include/libdbusmenu-glib-0.4'
LIBINDICATE_LIBS='-lindicate-gtk3 -lgtk-3 -lgdk-3 -lpangocairo-1.0 -lpango-1.0 -latk-1.0 -lcairo-gobject -lcairo -lgdk_pixbuf-2.0 -lgio-2.0 -lindicate -lgobject-2.0 -lglib-2.0 -ldbusmenu-glib'
LIBNOTIFY_CFLAGS='-pthread -I/usr/include/gdk-pixbuf-2.0 -I/usr/include/libpng16 -I/usr/include/glib-2.0 -I/usr/lib64/glib-2.0/include'
LIBNOTIFY_LIBS='-lnotify -lgdk_pixbuf-2.0 -lgio-2.0 -lgobject-2.0 -lglib-2.0'
LIBOBJS=''
LIBS=''
LIBTOOL='$(SHELL) $(top_builddir)/libtool'
LIPO=''
LN_S='ln -s'
LTLIBOBJS=''
LT_SYS_LIBRARY_PATH=''
MAKEINFO='${SHELL} /home/unixjunkie/liferea-1.10.19/missing makeinfo'
MANIFEST_TOOL=':'
MKDIR_P='/bin/mkdir -p'
MKINSTALLDIRS='./mkinstalldirs'
MSGFMT='/usr/bin/msgfmt'
MSGFMT_OPTS='-c'
MSGMERGE='/usr/bin/msgmerge'
NM='/usr/bin/nm -B'
NMEDIT=''
OBJDUMP='objdump'
OBJEXT='o'
OTOOL64=''
OTOOL=''
PACKAGE='liferea'
PACKAGE_BUGREPORT='liferea-devel@lists.sourceforge.net'
PACKAGE_CFLAGS='-pthread -I/usr/include/webkitgtk-4.0 -I/usr/include/libsoup-2.4 -I/usr/include/libxml2 -I/usr/include/webkitgtk-4.0 -I/usr/include/json-glib-1.0 -I/usr/include/libpeas-1.0 -I/usr/include/gtk-3.0 -I/usr/include/at-spi2-atk/2.0 -I/usr/include/at-spi-2.0 -I/usr/include/dbus-1.0 -I/usr/lib64/dbus-1.0/include -I/usr/include/gtk-3.0 -I/usr/include/gio-unix-2.0/ -I/usr/include/cairo -I/usr/include/pango-1.0 -I/usr/include/harfbuzz -I/usr/include/pango-1.0 -I/usr/include/atk-1.0 -I/usr/include/cairo -I/usr/include/pixman-1 -I/usr/include/freetype2 -I/usr/include/libdrm -I/usr/include/libpng16 -I/usr/include/gdk-pixbuf-2.0 -I/usr/include/libpng16 -I/usr/include/libpeas-1.0 -I/usr/include/gobject-introspection-1.0 -I/usr/lib64/libffi-3.2.1/include -I/usr/include/glib-2.0 -I/usr/lib64/glib-2.0/include -I/usr/include/gsettings-desktop-schemas'
PACKAGE_LIBS='-lxslt -lxml2 -lm -lxml2 -lsqlite3 -lgthread-2.0 -pthread -lwebkit2gtk-4.0 -lsoup-2.4 -ljavascriptcoregtk-4.0 -ljson-glib-1.0 -lpeas-gtk-1.0 -lgtk-3 -lgdk-3 -lpangocairo-1.0 -lpango-1.0 -latk-1.0 -lcairo-gobject -lcairo -lgdk_pixbuf-2.0 -lpeas-1.0 -Wl,--export-dynamic -lgmodule-2.0 -pthread -lgio-2.0 -lgirepository-1.0 -lgobject-2.0 -lglib-2.0'
PACKAGE_NAME='liferea'
PACKAGE_STRING='liferea 1.10.19'
PACKAGE_TARNAME='liferea'
PACKAGE_URL=''
PACKAGE_VERSION='1.10.19'
PATH_SEPARATOR=':'
PKG_CONFIG='/usr/bin/pkg-config'
PKG_CONFIG_LIBDIR=''
PKG_CONFIG_PATH=''
POFILES=''
POSUB='po'
PO_IN_DATADIR_FALSE=''
PO_IN_DATADIR_TRUE=''
RANLIB='ranlib'
SED='/bin/sed'
SET_MAKE=''
SHELL='/bin/sh'
STRIP='strip'
USE_NLS='yes'
VERSION='1.10.19'
WITH_LIBINDICATE_FALSE='#'
WITH_LIBINDICATE_TRUE=''
WITH_LIBNOTIFY_FALSE='#'
WITH_LIBNOTIFY_TRUE=''
XGETTEXT='/usr/bin/xgettext'
ac_ct_AR='ar'
ac_ct_CC='gcc'
ac_ct_DUMPBIN=''
all-am: $(gsettings_SCHEMAS:.xml=.valid)
am__EXEEXT_FALSE=''
am__EXEEXT_TRUE='#'
am__fastdepCC_FALSE='#'
am__fastdepCC_TRUE=''
am__include='include'
am__isrc=''
am__leading_dot='.'
am__nodep='_no'
am__quote=''
am__tar='$${TAR-tar} chof - "$$tardir"'
am__untar='$${TAR-tar} xf -'
bindir='${exec_prefix}/bin'
build='x86_64-pc-linux-gnu'
build_alias=''
build_cpu='x86_64'
build_os='linux-gnu'
build_vendor='pc'
clean-gsettings-schemas:
datadir='${datarootdir}'
datarootdir='${prefix}/share'
docdir='${datarootdir}/doc/${PACKAGE_TARNAME}'
dvidir='${docdir}'
endif'
exec_prefix='${prefix}'
gsettings__enum_file = $(addsuffix .enums.xml,$(gsettings_ENUM_NAMESPACE))
gsettingsschemadir='${datarootdir}/glib-2.0/schemas'
host='x86_64-pc-linux-gnu'
host_alias=''
host_cpu='x86_64'
host_os='linux-gnu'
host_vendor='pc'
htmldir='${docdir}'
ifdef gsettings_ENUM_NAMESPACE
includedir='${prefix}/include'
infodir='${datarootdir}/info'
install-data-am: install-gsettings-schemas
install-gsettings-schemas: $(gsettings_SCHEMAS) $(gsettings__enum_file)
install_sh='${SHELL} /home/unixjunkie/liferea-1.10.19/install-sh'
intltool__v_merge_options_0='-q'
intltool__v_merge_options_='$(intltool__v_merge_options_$(AM_DEFAULT_VERBOSITY))'
libdir='${exec_prefix}/lib'
libexecdir='${exec_prefix}/libexec'
localedir='${datarootdir}/locale'
localstatedir='${prefix}/var'
mandir='${datarootdir}/man'
mkdir_p='$(MKDIR_P)'
mostlyclean-am: clean-gsettings-schemas
oldincludedir='/usr/include'
pdfdir='${docdir}'
prefix='/usr/local'
program_transform_name='s,x,x,'
psdir='${docdir}'
sbindir='${exec_prefix}/sbin'
sharedstatedir='${prefix}/com'
sysconfdir='${prefix}/etc'
target_alias=''
uninstall-am: uninstall-gsettings-schemas
uninstall-gsettings-schemas:

## ----------- ##
## confdefs.h. ##
## ----------- ##

/* confdefs.h */
#define PACKAGE_NAME "liferea"
#define PACKAGE_TARNAME "liferea"
#define PACKAGE_VERSION "1.10.19"
#define PACKAGE_STRING "liferea 1.10.19"
#define PACKAGE_BUGREPORT "liferea-devel@lists.sourceforge.net"
#define PACKAGE_URL ""
#define PACKAGE "liferea"
#define VERSION "1.10.19"
#define STDC_HEADERS 1
#define HAVE_SYS_TYPES_H 1
#define HAVE_SYS_STAT_H 1
#define HAVE_STDLIB_H 1
#define HAVE_STRING_H 1
#define HAVE_MEMORY_H 1
#define HAVE_STRINGS_H 1
#define HAVE_INTTYPES_H 1
#define HAVE_STDINT_H 1
#define HAVE_UNISTD_H 1
#define HAVE_DLFCN_H 1
#define LT_OBJDIR ".libs/"
#define HAVE_STRSEP 1
#define HAVE_LIBNOTIFY 1
#define HAVE_LIBINDICATE 1
#define OS Linux
#define OSNAME "Linux"
#define HAVE_LOCALE_H 1
#define HAVE_LC_MESSAGES 1
#define HAVE_BIND_TEXTDOMAIN_CODESET 1
#define HAVE_GETTEXT 1
#define HAVE_DCGETTEXT 1
#define ENABLE_NLS 1
#define GETTEXT_PACKAGE "liferea"

configure: exit 0
